Using pre-set license
Built from '2020.3/release' branch; Version is '2020.3.2f1 (8fd9074bf66c) revision 9427207'; Using compiler version '192528614'; Build Type 'Release'
OS: 'Windows 10 Home; OS build 18363.1556; Version 1909; 64bit' Language: 'fr' Physical Memory: 16232 MB
BatchMode: 1, IsHumanControllingUs: 0, StartBugReporterOnCrash: 0, Is64bit: 1, IsPro: 0

 COMMAND LINE ARGUMENTS:
C:\Program Files\Unity\Hub\Editor\2020.3.2f1\Editor\Unity.exe
-adb2
-batchMode
-noUpm
-name
AssetImportWorker0
-projectPath
D:/ETPA/2ème Année 2/Programmation/Flappy_Bird
-logFile
Logs/AssetImportWorker0.log
-srvPort
59976
Successfully changed project path to: D:/ETPA/2ème Année 2/Programmation/Flappy_Bird
D:/ETPA/2ème Année 2/Programmation/Flappy_Bird
Using Asset Import Pipeline V2.
Refreshing native plugins compatible for Editor in 33.62 ms, found 1 plugins.
Preloading 0 native plugins for Editor in 0.00 ms.
Initialize engine version: 2020.3.2f1 (8fd9074bf66c)
[Subsystems] Discovering subsystems at path C:/Program Files/Unity/Hub/Editor/2020.3.2f1/Editor/Data/Resources/UnitySubsystems
[Subsystems] Discovering subsystems at path D:/ETPA/2ème Année 2/Programmation/Flappy_Bird/Assets
GfxDevice: creating device client; threaded=0
Direct3D:
    Version:  Direct3D 11.0 [level 11.1]
    Renderer: NVIDIA GeForce GTX 1050 (ID=0x1c8d)
    Vendor:   
    VRAM:     4019 MB
    Driver:   27.21.14.6109
Initialize mono
Mono path[0] = 'C:/Program Files/Unity/Hub/Editor/2020.3.2f1/Editor/Data/Managed'
Mono path[1] = 'C:/Program Files/Unity/Hub/Editor/2020.3.2f1/Editor/Data/MonoBleedingEdge/lib/mono/unityjit'
Mono config path = 'C:/Program Files/Unity/Hub/Editor/2020.3.2f1/Editor/Data/MonoBleedingEdge/etc'
Using monoOptions --debugger-agent=transport=dt_socket,embedding=1,server=y,suspend=n,address=127.0.0.1:56312
Begin MonoManager ReloadAssembly
Registering precompiled unity dll's ...
Register platform support module: C:/Program Files/Unity/Hub/Editor/2020.3.2f1/Editor/Data/PlaybackEngines/WindowsStandaloneSupport/UnityEditor.WindowsStandalone.Extensions.dll
Registered in 0.002258 seconds.
Native extension for WindowsStandalone target not found
Refreshing native plugins compatible for Editor in 38.62 ms, found 1 plugins.
Preloading 0 native plugins for Editor in 0.00 ms.
Invoked RoslynAnalysisRunner static constructor.
RoslynAnalysisRunner will not be running.
RoslynAnalysisRunner has terminated.
Mono: successfully reloaded assembly
- Completed reload, in  1.242 seconds
Platform modules already initialized, skipping
Registering precompiled user dll's ...
Registered in 0.001113 seconds.
Begin MonoManager ReloadAssembly
Native extension for WindowsStandalone target not found
Refreshing native plugins compatible for Editor in 62.90 ms, found 1 plugins.
Preloading 0 native plugins for Editor in 0.00 ms.
Invoked RoslynAnalysisRunner static constructor.
RoslynAnalysisRunner will not be running.
RoslynAnalysisRunner has terminated.
Mono: successfully reloaded assembly
- Completed reload, in  1.057 seconds
Platform modules already initialized, skipping
========================================================================
Worker process is ready to serve import requests
Launched and connected shader compiler UnityShaderCompiler.exe after 0.06 seconds
Refreshing native plugins compatible for Editor in 0.68 ms, found 1 plugins.
Preloading 0 native plugins for Editor in 0.00 ms.
Unloading 1862 Unused Serialized files (Serialized files now loaded: 0)
System memory in use before: 88.0 MB.
System memory in use after: 88.0 MB.

Unloading 19 unused Assets to reduce memory usage. Loaded Objects now: 2310.
Total: 4.513400 ms (FindLiveObjects: 0.357600 ms CreateObjectMapping: 0.117900 ms MarkObjects: 3.913300 ms  DeleteObjects: 0.122200 ms)

========================================================================
Received Import Request.
  path: Assets/Scripts/Killer.cs
  artifactKey: Guid(66a8ebdee82d69749a951a480fcb608b) Importer(815301076,1909f56bfc062723c751e8b465ee728b)
Start importing Assets/Scripts/Killer.cs using Guid(66a8ebdee82d69749a951a480fcb608b) Importer(815301076,1909f56bfc062723c751e8b465ee728b)  -> (artifact id: 'a77aa3520e23e8266f8e7b5873bcf7db') in 0.041225 seconds
  Import took 0.044798 seconds .

========================================================================
Received Prepare
Refreshing native plugins compatible for Editor in 1.60 ms, found 1 plugins.
Preloading 0 native plugins for Editor in 0.00 ms.
Unloading 6 Unused Serialized files (Serialized files now loaded: 0)
System memory in use before: 49.8 MB.
System memory in use after: 49.9 MB.

Unloading 5 unused Assets to reduce memory usage. Loaded Objects now: 2310.
Total: 2.653000 ms (FindLiveObjects: 0.293900 ms CreateObjectMapping: 0.104400 ms MarkObjects: 2.235500 ms  DeleteObjects: 0.017500 ms)

========================================================================
Received Import Request.
  Time since last request: 39.912978 seconds.
  path: Assets/Scripts/Killer.cs
  artifactKey: Guid(66a8ebdee82d69749a951a480fcb608b) Importer(815301076,1909f56bfc062723c751e8b465ee728b)
Start importing Assets/Scripts/Killer.cs using Guid(66a8ebdee82d69749a951a480fcb608b) Importer(815301076,1909f56bfc062723c751e8b465ee728b)  -> (artifact id: '87fea6c4184d54f597a90c6dda879745') in 0.002459 seconds
  Import took 0.007233 seconds .

========================================================================
Received Import Request.
  Time since last request: 12.592551 seconds.
  path: Assets/Scripts/Killer.cs
  artifactKey: Guid(66a8ebdee82d69749a951a480fcb608b) Importer(815301076,1909f56bfc062723c751e8b465ee728b)
Start importing Assets/Scripts/Killer.cs using Guid(66a8ebdee82d69749a951a480fcb608b) Importer(815301076,1909f56bfc062723c751e8b465ee728b)  -> (artifact id: '6d4d8e6a3344d78692ab7a3bb4075901') in 0.001658 seconds
  Import took 0.004955 seconds .

========================================================================
Received Prepare
Registering precompiled user dll's ...
Registered in 0.000869 seconds.
Begin MonoManager ReloadAssembly
Native extension for WindowsStandalone target not found
Refreshing native plugins compatible for Editor in 0.33 ms, found 1 plugins.
Preloading 0 native plugins for Editor in 0.00 ms.
Invoked RoslynAnalysisRunner static constructor.
RoslynAnalysisRunner will not be running.
RoslynAnalysisRunner has terminated.
Mono: successfully reloaded assembly
- Completed reload, in  0.875 seconds
Platform modules already initialized, skipping
Refreshing native plugins compatible for Editor in 0.38 ms, found 1 plugins.
Preloading 0 native plugins for Editor in 0.00 ms.
Unloading 1840 Unused Serialized files (Serialized files now loaded: 0)
System memory in use before: 86.3 MB.
System memory in use after: 86.4 MB.

Unloading 8 unused Assets to reduce memory usage. Loaded Objects now: 2313.
Total: 2.515400 ms (FindLiveObjects: 0.202600 ms CreateObjectMapping: 0.086800 ms MarkObjects: 2.208300 ms  DeleteObjects: 0.016200 ms)

========================================================================
Received Import Request.
  Time since last request: 30.457766 seconds.
  path: Assets/Scripts/Score.cs
  artifactKey: Guid(8b68c7efe53bb22409b56a1ac830c401) Importer(815301076,1909f56bfc062723c751e8b465ee728b)
Start importing Assets/Scripts/Score.cs using Guid(8b68c7efe53bb22409b56a1ac830c401) Importer(815301076,1909f56bfc062723c751e8b465ee728b)  -> (artifact id: 'f9b6ed6b583a6fb6b7db106a7c04f535') in 0.004511 seconds
  Import took 0.007280 seconds .

========================================================================
Received Import Request.
  Time since last request: 0.396041 seconds.
  path: Assets/Scripts/Teleporter.cs
  artifactKey: Guid(fe6020dcc38cbac4a9f1272e3b1a33b7) Importer(815301076,1909f56bfc062723c751e8b465ee728b)
Start importing Assets/Scripts/Teleporter.cs using Guid(fe6020dcc38cbac4a9f1272e3b1a33b7) Importer(815301076,1909f56bfc062723c751e8b465ee728b)  -> (artifact id: '437d7e41072d44814bf543ecee135b75') in 0.001580 seconds
  Import took 0.004794 seconds .

========================================================================
Received Import Request.
  Time since last request: 0.001044 seconds.
  path: Assets/Scripts/Teleporter.cs
  artifactKey: Guid(fe6020dcc38cbac4a9f1272e3b1a33b7) Importer(815301076,1909f56bfc062723c751e8b465ee728b)
Start importing Assets/Scripts/Teleporter.cs using Guid(fe6020dcc38cbac4a9f1272e3b1a33b7) Importer(815301076,1909f56bfc062723c751e8b465ee728b)  -> (artifact id: '437d7e41072d44814bf543ecee135b75') in 0.002366 seconds
  Import took 0.006075 seconds .

========================================================================
Received Prepare
Registering precompiled user dll's ...
Registered in 0.000893 seconds.
Begin MonoManager ReloadAssembly
Native extension for WindowsStandalone target not found
Refreshing native plugins compatible for Editor in 0.48 ms, found 1 plugins.
Preloading 0 native plugins for Editor in 0.00 ms.
Invoked RoslynAnalysisRunner static constructor.
RoslynAnalysisRunner will not be running.
RoslynAnalysisRunner has terminated.
Mono: successfully reloaded assembly
- Completed reload, in  0.850 seconds
Platform modules already initialized, skipping
Refreshing native plugins compatible for Editor in 0.48 ms, found 1 plugins.
Preloading 0 native plugins for Editor in 0.00 ms.
Unloading 1840 Unused Serialized files (Serialized files now loaded: 0)
System memory in use before: 86.3 MB.
System memory in use after: 86.4 MB.

Unloading 8 unused Assets to reduce memory usage. Loaded Objects now: 2316.
Total: 2.038300 ms (FindLiveObjects: 0.204100 ms CreateObjectMapping: 0.081700 ms MarkObjects: 1.732700 ms  DeleteObjects: 0.018400 ms)

========================================================================
Received Prepare
Registering precompiled user dll's ...
Registered in 0.000923 seconds.
Begin MonoManager ReloadAssembly
Native extension for WindowsStandalone target not found
Refreshing native plugins compatible for Editor in 0.39 ms, found 1 plugins.
Preloading 0 native plugins for Editor in 0.00 ms.
Invoked RoslynAnalysisRunner static constructor.
RoslynAnalysisRunner will not be running.
RoslynAnalysisRunner has terminated.
Mono: successfully reloaded assembly
- Completed reload, in  0.838 seconds
Platform modules already initialized, skipping
Refreshing native plugins compatible for Editor in 0.34 ms, found 1 plugins.
Preloading 0 native plugins for Editor in 0.00 ms.
Unloading 1840 Unused Serialized files (Serialized files now loaded: 0)
System memory in use before: 86.3 MB.
System memory in use after: 86.4 MB.

Unloading 8 unused Assets to reduce memory usage. Loaded Objects now: 2319.
Total: 2.168400 ms (FindLiveObjects: 0.187000 ms CreateObjectMapping: 0.077100 ms MarkObjects: 1.886400 ms  DeleteObjects: 0.017000 ms)

AssetImportWorkerClient::OnTransportError - code=2 error=End of file
